\BOOKMARK [1][-]{section.1}{Wstep}{}% 1
\BOOKMARK [1][-]{section.2}{Diagram klas}{}% 2
\BOOKMARK [1][-]{section.3}{Opis klas/metod}{}% 3
\BOOKMARK [2][-]{subsection.3.1}{Klasa MainWindow}{section.3}% 4
\BOOKMARK [2][-]{subsection.3.2}{Klasa 2}{section.3}% 5
\BOOKMARK [3][-]{subsubsection.3.2.1}{Metoda 1}{subsection.3.2}% 6
\BOOKMARK [2][-]{subsection.3.3}{Klasa 3}{section.3}% 7
\BOOKMARK [3][-]{subsubsection.3.3.1}{metoda}{subsection.3.3}% 8
\BOOKMARK [2][-]{subsection.3.4}{Klasa 4}{section.3}% 9
\BOOKMARK [2][-]{subsection.3.5}{Klasa 5}{section.3}% 10
\BOOKMARK [2][-]{subsection.3.6}{Klasa 6}{section.3}% 11
\BOOKMARK [3][-]{subsubsection.3.6.1}{Metoda 1}{subsection.3.6}% 12
\BOOKMARK [3][-]{subsubsection.3.6.2}{Metoda 2}{subsection.3.6}% 13
\BOOKMARK [1][-]{section.4}{Dzia\233anie programu i zastosowanie algorytmu}{}% 14
\BOOKMARK [1][-]{section.5}{Testy jednostkowe}{}% 15
\BOOKMARK [2][-]{subsection.5.1}{Testy klas 1 i 2}{section.5}% 16
\BOOKMARK [2][-]{subsection.5.2}{Testy klasy 3}{section.5}% 17
\BOOKMARK [2][-]{subsection.5.3}{Testy klasy 4}{section.5}% 18
\BOOKMARK [2][-]{subsection.5.4}{Testy klasy 5}{section.5}% 19
\BOOKMARK [2][-]{subsection.5.5}{Testy klasy 6}{section.5}% 20
